# JRE version: OpenJDK Runtime Environment Temurin-17.0.3+7 (17.0.3+7) (build 17.0.3+7)
# Java VM: OpenJDK 64-Bit Server VM Temurin-17.0.3+7 (17.0.3+7, mixed mode, emulated-client, tiered, compressed oops, compressed class ptrs, g1 gc, windows-amd64)
GC Precious Log:
 CPUs: 12 total, 12 available
 Memory: 23783M
 Large Page Support: Disabled
 NUMA Support: Disabled
 Compressed Oops: Enabled (Zero based)
 Heap Region Size: 4M
 Heap Min Capacity: 8M
 Heap Initial Capacity: 372M
 Heap Max Capacity: 5948M
 Pre-touch: Disabled
 Parallel Workers: 10
 Concurrent Workers: 3
 Concurrent Refinement Workers: 10
 Periodic GC: Disabled
Heap:
 garbage-first heap   total 81920K, used 53112K [0x000000068c400000, 0x0000000800000000)
  region size 4096K, 9 young (36864K), 2 survivors (8192K)
 Metaspace       used 74718K, committed 75648K, reserved 1122304K
  class space    used 10143K, committed 10432K, reserved 1048576K
GC Heap History (20 events):
Event: 919.428 GC heap before
{Heap before GC invocations=36 (full 3):
 garbage-first heap   total 81920K, used 57480K [0x000000068c400000, 0x0000000800000000)
  region size 4096K, 9 young (36864K), 2 survivors (8192K)
 Metaspace       used 73972K, committed 74624K, reserved 1114112K
  class space    used 10032K, committed 10304K, reserved 1048576K
}
Event: 919.431 GC heap after
{Heap after GC invocations=37 (full 3):
 garbage-first heap   total 81920K, used 29870K [0x000000068c400000, 0x0000000800000000)
  region size 4096K, 1 young (4096K), 1 survivors (4096K)
 Metaspace       used 73972K, committed 74624K, reserved 1114112K
  class space    used 10032K, committed 10304K, reserved 1048576K
}
Event: 925.571 GC heap before
{Heap before GC invocations=37 (full 3):
 garbage-first heap   total 81920K, used 29870K [0x000000068c400000, 0x0000000800000000)
  region size 4096K, 2 young (8192K), 1 survivors (4096K)
 Metaspace       used 73998K, committed 74624K, reserved 1114112K
  class space    used 10035K, committed 10304K, reserved 1048576K
}
Event: 925.627 GC heap after
{Heap after GC invocations=38 (full 4):
 garbage-first heap   total 81920K, used 24670K [0x000000068c400000, 0x0000000800000000)
  region size 4096K, 0 young (0K), 0 survivors (0K)
 Metaspace       used 73996K, committed 74624K, reserved 1114112K
  class space    used 10035K, committed 10304K, reserved 1048576K
}
Event: 926.042 GC heap before
{Heap before GC invocations=38 (full 4):
 garbage-first heap   total 81920K, used 57438K [0x000000068c400000, 0x0000000800000000)
  region size 4096K, 9 young (36864K), 0 survivors (0K)
 Metaspace       used 74120K, committed 74688K, reserved 1114112K
  class space    used 10053K, committed 10304K, reserved 1048576K
}
Event: 926.044 GC heap after
{Heap after GC invocations=39 (full 4):
 garbage-first heap   total 81920K, used 27613K [0x000000068c400000, 0x0000000800000000)
  region size 4096K, 1 young (4096K), 1 survivors (4096K)
 Metaspace       used 74120K, committed 74688K, reserved 1114112K
  class space    used 10053K, committed 10304K, reserved 1048576K
}
Event: 926.497 GC heap before
{Heap before GC invocations=39 (full 4):
 garbage-first heap   total 81920K, used 60381K [0x000000068c400000, 0x0000000800000000)
  region size 4096K, 9 young (36864K), 1 survivors (4096K)
 Metaspace       used 74359K, committed 74944K, reserved 1114112K
  class space    used 10074K, committed 10304K, reserved 1048576K
}
Event: 926.499 GC heap after
{Heap after GC invocations=40 (full 4):
 garbage-first heap   total 81920K, used 29100K [0x000000068c400000, 0x0000000800000000)
  region size 4096K, 2 young (8192K), 2 survivors (8192K)
 Metaspace       used 74359K, committed 74944K, reserved 1114112K
  class space    used 10074K, committed 10304K, reserved 1048576K
}
Event: 926.924 GC heap before
{Heap before GC invocations=40 (full 4):
 garbage-first heap   total 81920K, used 57772K [0x000000068c400000, 0x0000000800000000)
  region size 4096K, 9 young (36864K), 2 survivors (8192K)
 Metaspace       used 74431K, committed 75072K, reserved 1114112K
  class space    used 10086K, committed 10368K, reserved 1048576K
}
Event: 926.927 GC heap after
{Heap after GC invocations=41 (full 4):
 garbage-first heap   total 81920K, used 30024K [0x000000068c400000, 0x0000000800000000)
  region size 4096K, 1 young (4096K), 1 survivors (4096K)
 Metaspace       used 74431K, committed 75072K, reserved 1114112K
  class space    used 10086K, committed 10368K, reserved 1048576K
}
Event: 1022.331 GC heap before
{Heap before GC invocations=41 (full 4):
 garbage-first heap   total 81920K, used 58696K [0x000000068c400000, 0x0000000800000000)
  region size 4096K, 8 young (32768K), 1 survivors (4096K)
 Metaspace       used 74624K, committed 75264K, reserved 1122304K
  class space    used 10104K, committed 10368K, reserved 1048576K
}
Event: 1022.334 GC heap after
{Heap after GC invocations=42 (full 4):
 garbage-first heap   total 81920K, used 30927K [0x000000068c400000, 0x0000000800000000)
  region size 4096K, 1 young (4096K), 1 survivors (4096K)
 Metaspace       used 74624K, committed 75264K, reserved 1122304K
  class space    used 10104K, committed 10368K, reserved 1048576K
}
Event: 1131.086 GC heap before
{Heap before GC invocations=42 (full 4):
 garbage-first heap   total 81920K, used 55503K [0x000000068c400000, 0x0000000800000000)
  region size 4096K, 8 young (32768K), 1 survivors (4096K)
 Metaspace       used 75038K, committed 75648K, reserved 1122304K
  class space    used 10167K, committed 10432K, reserved 1048576K
}
Event: 1131.089 GC heap after
{Heap after GC invocations=43 (full 4):
 garbage-first heap   total 81920K, used 31125K [0x000000068c400000, 0x0000000800000000)
  region size 4096K, 1 young (4096K), 1 survivors (4096K)
 Metaspace       used 75038K, committed 75648K, reserved 1122304K
  class space    used 10167K, committed 10432K, reserved 1048576K
}
Event: 1237.292 GC heap before
{Heap before GC invocations=43 (full 4):
 garbage-first heap   total 81920K, used 51605K [0x000000068c400000, 0x0000000800000000)
  region size 4096K, 7 young (28672K), 1 survivors (4096K)
 Metaspace       used 75047K, committed 75648K, reserved 1122304K
  class space    used 10170K, committed 10432K, reserved 1048576K
}
Event: 1237.337 GC heap after
{Heap after GC invocations=44 (full 5):
 garbage-first heap   total 81920K, used 22052K [0x000000068c400000, 0x0000000800000000)
  region size 4096K, 0 young (0K), 0 survivors (0K)
 Metaspace       used 74133K, committed 75648K, reserved 1122304K
  class space    used 10063K, committed 10432K, reserved 1048576K
}
Event: 1238.906 GC heap before
{Heap before GC invocations=44 (full 5):
 garbage-first heap   total 81920K, used 63012K [0x000000068c400000, 0x0000000800000000)
  region size 4096K, 10 young (40960K), 0 survivors (0K)
 Metaspace       used 74333K, committed 75648K, reserved 1122304K
  class space    used 10099K, committed 10432K, reserved 1048576K
}
Event: 1238.909 GC heap after
{Heap after GC invocations=45 (full 5):
 garbage-first heap   total 81920K, used 25766K [0x000000068c400000, 0x0000000800000000)
  region size 4096K, 1 young (4096K), 1 survivors (4096K)
 Metaspace       used 74333K, committed 75648K, reserved 1122304K
  class space    used 10099K, committed 10432K, reserved 1048576K
}
Event: 1239.395 GC heap before
{Heap before GC invocations=45 (full 5):
 garbage-first heap   total 81920K, used 62630K [0x000000068c400000, 0x0000000800000000)
  region size 4096K, 10 young (40960K), 1 survivors (4096K)
 Metaspace       used 74662K, committed 75648K, reserved 1122304K
  class space    used 10134K, committed 10432K, reserved 1048576K
}
Event: 1239.398 GC heap after
{Heap after GC invocations=46 (full 5):
 garbage-first heap   total 81920K, used 28536K [0x000000068c400000, 0x0000000800000000)
  region size 4096K, 2 young (8192K), 2 survivors (8192K)
 Metaspace       used 74662K, committed 75648K, reserved 1122304K
  class space    used 10134K, committed 10432K, reserved 1048576K
}

